TN:
SF:/Users/ibai/lab/js-mocha-bootstrap/src/commands.js
FN:5,(anonymous_0)
FN:6,(anonymous_1)
FN:7,(anonymous_2)
FN:8,(anonymous_3)
FN:11,(anonymous_4)
FN:12,(anonymous_5)
FN:13,(anonymous_6)
FN:14,(anonymous_7)
FN:17,(anonymous_8)
FN:18,(anonymous_9)
FN:19,(anonymous_10)
FN:20,(anonymous_11)
FN:23,(anonymous_12)
FN:24,(anonymous_13)
FN:25,(anonymous_14)
FN:26,(anonymous_15)
FNF:16
FNH:16
FNDA:10,(anonymous_0)
FNDA:1,(anonymous_1)
FNDA:1,(anonymous_2)
FNDA:3,(anonymous_3)
FNDA:2,(anonymous_4)
FNDA:1,(anonymous_5)
FNDA:1,(anonymous_6)
FNDA:1,(anonymous_7)
FNDA:1,(anonymous_8)
FNDA:1,(anonymous_9)
FNDA:1,(anonymous_10)
FNDA:1,(anonymous_11)
FNDA:1,(anonymous_12)
FNDA:1,(anonymous_13)
FNDA:1,(anonymous_14)
FNDA:1,(anonymous_15)
DA:1,1
DA:3,1
DA:5,10
DA:6,1
DA:7,1
DA:8,3
DA:11,2
DA:12,1
DA:13,1
DA:14,1
DA:17,1
DA:18,1
DA:19,1
DA:20,1
DA:23,1
DA:24,1
DA:25,1
DA:26,1
DA:30,1
LF:19
LH:19
BRF:0
BRH:0
end_of_record
TN:
SF:/Users/ibai/lab/js-mocha-bootstrap/src/constants.js
FNF:0
FNH:0
DA:1,1
DA:8,1
LF:2
LH:2
BRF:0
BRH:0
end_of_record
TN:
SF:/Users/ibai/lab/js-mocha-bootstrap/src/mars.js
FN:1,(anonymous_0)
FN:1,(anonymous_1)
FN:4,(anonymous_2)
FN:12,(anonymous_3)
FN:18,(anonymous_4)
FN:24,(anonymous_5)
FN:30,(anonymous_6)
FN:31,(anonymous_7)
FNF:8
FNH:8
FNDA:4,(anonymous_0)
FNDA:7,(anonymous_1)
FNDA:27,(anonymous_2)
FNDA:25,(anonymous_3)
FNDA:28,(anonymous_4)
FNDA:28,(anonymous_5)
FNDA:24,(anonymous_6)
FNDA:28,(anonymous_7)
DA:1,7
DA:5,27
DA:6,27
DA:7,27
DA:8,27
DA:9,27
DA:13,25
DA:14,25
DA:15,25
DA:19,28
DA:20,3
DA:25,28
DA:26,28
DA:27,25
DA:31,28
DA:35,1
LF:16
LH:16
BRDA:1,0,0,7
BRDA:1,0,1,4
BRDA:13,1,0,1
BRDA:13,1,1,24
BRDA:14,2,0,1
BRDA:14,2,1,24
BRDA:19,3,0,3
BRDA:19,3,1,25
BRDA:19,4,0,28
BRDA:19,4,1,4
BRF:10
BRH:10
end_of_record
TN:
SF:/Users/ibai/lab/js-mocha-bootstrap/src/obstacles.js
FNF:0
FNH:0
DA:1,1
DA:5,1
LF:2
LH:2
BRF:0
BRH:0
end_of_record
